<?xml version="1.0" encoding="UTF-8"?>
<testng-results skipped="0" failed="0" ignored="0" total="1" passed="1">
  <reporter-output>
  </reporter-output>
  <suite name="Suite" duration-ms="106718" started-at="2021-04-12T10:41:48Z" finished-at="2021-04-12T10:43:35Z">
    <groups>
      <group name="Regression">
        <method signature="GmailTest.NSS_OrangeHRM(java.util.Map)[pri:0, instance:com.Demo.pages.GmailTest@7bb58ca3]" name="NSS_OrangeHRM" class="com.Demo.pages.GmailTest"/>
      </group> <!-- Regression -->
    </groups>
    <test name="Regression" duration-ms="106718" started-at="2021-04-12T10:41:48Z" finished-at="2021-04-12T10:43:35Z">
      <class name="com.Demo.pages.GmailTest">
        <test-method status="PASS" signature="Beforeclass(org.testng.ITestContext)[pri:0, instance:com.Demo.pages.GmailTest@7bb58ca3]" name="Beforeclass" is-config="true" duration-ms="27451" started-at="2021-04-12T10:41:48Z" finished-at="2021-04-12T10:42:16Z">
          <params>
            <param index="0">
              <value>
                <![CDATA[org.testng.TestRunner@3b938003]]>
              </value>
            </param>
          </params>
          <reporter-output>
          </reporter-output>
        </test-method> <!-- Beforeclass -->
        <test-method status="PASS" signature="report(org.testng.ITestResult)[pri:0, instance:com.Demo.pages.GmailTest@7bb58ca3]" name="report" is-config="true" duration-ms="3" started-at="2021-04-12T10:42:16Z" finished-at="2021-04-12T10:42:16Z">
          <params>
            <param index="0">
              <value>
                <![CDATA[[TestResult name=NSS_OrangeHRM status=SUCCESS method=GmailTest.NSS_OrangeHRM(java.util.Map)[pri:0, instance:com.Demo.pages.GmailTest@7bb58ca3] output={null}]]]>
              </value>
            </param>
          </params>
          <reporter-output>
          </reporter-output>
        </test-method> <!-- report -->
        <test-method status="PASS" signature="NSS_OrangeHRM(java.util.Map)[pri:0, instance:com.Demo.pages.GmailTest@7bb58ca3]" name="NSS_OrangeHRM" duration-ms="75274" started-at="2021-04-12T10:42:16Z" data-provider="fetchData" finished-at="2021-04-12T10:43:31Z">
          <params>
            <param index="0">
              <value>
                <![CDATA[{}]]>
              </value>
            </param>
          </params>
          <reporter-output>
          </reporter-output>
        </test-method> <!-- NSS_OrangeHRM -->
        <test-method status="PASS" signature="endreport()[pri:0, instance:com.Demo.pages.GmailTest@7bb58ca3]" name="endreport" is-config="true" duration-ms="2" started-at="2021-04-12T10:43:31Z" finished-at="2021-04-12T10:43:31Z">
          <reporter-output>
          </reporter-output>
        </test-method> <!-- endreport -->
        <test-method status="PASS" signature="stopexecution(org.testng.ITestResult)[pri:0, instance:com.Demo.pages.GmailTest@7bb58ca3]" name="stopexecution" is-config="true" duration-ms="0" started-at="2021-04-12T10:43:31Z" finished-at="2021-04-12T10:43:31Z">
          <params>
            <param index="0">
              <value>
                <![CDATA[[TestResult name=NSS_OrangeHRM status=SUCCESS method=GmailTest.NSS_OrangeHRM(java.util.Map)[pri:0, instance:com.Demo.pages.GmailTest@7bb58ca3] output={null}]]]>
              </value>
            </param>
          </params>
          <reporter-output>
          </reporter-output>
        </test-method> <!-- stopexecution -->
        <test-method status="PASS" signature="CloseDriver()[pri:0, instance:com.Demo.pages.GmailTest@7bb58ca3]" name="CloseDriver" is-config="true" duration-ms="3935" started-at="2021-04-12T10:43:31Z" finished-at="2021-04-12T10:43:35Z">
          <reporter-output>
          </reporter-output>
        </test-method> <!-- CloseDriver -->
      </class> <!-- com.Demo.pages.GmailTest -->
    </test> <!-- Regression -->
  </suite> <!-- Suite -->
</testng-results>
